This file contains any messages produced by compilers while
running configure, to aid debugging if configure makes a mistake.

It was created by sshpass configure 1.04, which was
generated by GNU Autoconf 2.61.  Invocation command line was

  $ ./configure 

## --------- ##
## Platform. ##
## --------- ##

hostname = capitalist
uname -m = i386
uname -r = 10.8.0
uname -s = Darwin
uname -v = Darwin Kernel Version 10.8.0: Tue Jun  7 16:33:36 PDT 2011; root:xnu-1504.15.3~1/RELEASE_I386

/usr/bin/uname -p = i386
/bin/uname -X     = unknown

/bin/arch              = unknown
/usr/bin/arch -k       = unknown
/usr/convex/getsysinfo = unknown
/usr/bin/hostinfo      = Mach kernel version:
	 Darwin Kernel Version 10.8.0: Tue Jun  7 16:33:36 PDT 2011; root:xnu-1504.15.3~1/RELEASE_I386
Kernel configured for up to 2 processors.
2 processors are physically available.
2 processors are logically available.
Processor type: i486 (Intel 80486)
Processors active: 0 1
Primary memory available: 1.50 gigabytes
Default processor set: 70 tasks, 406 threads, 2 processors
Load average: 1.06, Mach factor: 1.05
/bin/machine           = unknown
/usr/bin/oslevel       = unknown
/bin/universe          = unknown

PATH: /usr/bin
PATH: /bin
PATH: /usr/sbin
PATH: /sbin
PATH: /usr/local/bin
PATH: /usr/X11/bin


## ----------- ##
## Core tests. ##
## ----------- ##

configure:1774: checking for a BSD-compatible install
configure:1830: result: /usr/bin/install -c
configure:1841: checking whether build environment is sane
configure:1884: result: yes
configure:1912: checking for a thread-safe mkdir -p
configure:1951: result: ./install-sh -c -d
configure:1964: checking for gawk
configure:1994: result: no
configure:1964: checking for mawk
configure:1994: result: no
configure:1964: checking for nawk
configure:1994: result: no
configure:1964: checking for awk
configure:1980: found /usr/bin/awk
configure:1991: result: awk
configure:2002: checking whether make sets $(MAKE)
configure:2023: result: yes
configure:2232: checking for style of include used by make
configure:2260: result: GNU
configure:2330: checking for gcc
configure:2346: found /usr/bin/gcc
configure:2357: result: gcc
configure:2595: checking for C compiler version
configure:2602: gcc --version >&5
i686-apple-darwin10-llvm-gcc-4.2 (GCC) 4.2.1 (Based on Apple Inc. build 5658) (LLVM build 2336.1.00)
Copyright (C) 2007 Free Software Foundation, Inc.
This is free software; see the source for copying conditions.  There is NO
warranty; not even for MERCHANTABILITY or FITNESS FOR A PARTICULAR PURPOSE.

configure:2605: $? = 0
configure:2612: gcc -v >&5
Using built-in specs.
Target: i686-apple-darwin10
Configured with: /private/var/tmp/llvmgcc42/llvmgcc42-2336.1~3/src/configure --disable-checking --enable-werror --prefix=/Developer/usr/llvm-gcc-4.2 --mandir=/Developer/usr/llvm-gcc-4.2/share/man --enable-languages=c,objc,c++,obj-c++ --program-prefix=llvm- --program-transform-name=/^[cg][^.-]*$/s/$/-4.2/ --with-slibdir=/usr/lib --build=i686-apple-darwin10 --enable-llvm=/private/var/tmp/llvmgcc42/llvmgcc42-2336.1~3/dst-llvmCore/Developer/usr/local --with-gxx-include-dir=/usr/include/c++/4.2.1 --host=i686-apple-darwin10 --target=i686-apple-darwin10
Thread model: posix
gcc version 4.2.1 (Based on Apple Inc. build 5658) (LLVM build 2336.1.00)
configure:2615: $? = 0
configure:2622: gcc -V >&5
llvm-gcc-4.2: argument to `-V' is missing
configure:2625: $? = 1
configure:2648: checking for C compiler default output file name
configure:2675: gcc    conftest.c  >&5
configure:2678: $? = 0
configure:2716: result: a.out
configure:2733: checking whether the C compiler works
configure:2743: ./a.out
configure:2746: $? = 0
configure:2763: result: yes
configure:2770: checking whether we are cross compiling
configure:2772: result: no
configure:2775: checking for suffix of executables
configure:2782: gcc -o conftest    conftest.c  >&5
configure:2785: $? = 0
configure:2809: result: 
configure:2815: checking for suffix of object files
configure:2841: gcc -c   conftest.c >&5
configure:2844: $? = 0
configure:2867: result: o
configure:2871: checking whether we are using the GNU C compiler
configure:2900: gcc -c   conftest.c >&5
configure:2906: $? = 0
configure:2923: result: yes
configure:2928: checking whether gcc accepts -g
configure:2958: gcc -c -g  conftest.c >&5
configure:2964: $? = 0
configure:3063: result: yes
configure:3080: checking for gcc option to accept ISO C89
configure:3154: gcc  -c -g -O2  conftest.c >&5
configure:3160: $? = 0
configure:3183: result: none needed
configure:3203: checking dependency style of gcc
configure:3294: result: gcc3
configure:3315: checking how to run the C preprocessor
configure:3355: gcc -E  conftest.c
configure:3361: $? = 0
configure:3392: gcc -E  conftest.c
conftest.c:11:28: error: ac_nonexistent.h: No such file or directory
configure:3398: $? = 1
configure: failed program was:
| /* confdefs.h.  */
| #define PACKAGE_NAME "sshpass"
| #define PACKAGE_TARNAME "sshpass"
| #define PACKAGE_VERSION "1.04"
| #define PACKAGE_STRING "sshpass 1.04"
| #define PACKAGE_BUGREPORT ""
| #define PACKAGE "sshpass"
| #define VERSION "1.04"
| #define _GNU_SOURCE 1
| /* end confdefs.h.  */
| #include <ac_nonexistent.h>
configure:3431: result: gcc -E
configure:3460: gcc -E  conftest.c
configure:3466: $? = 0
configure:3497: gcc -E  conftest.c
conftest.c:11:28: error: ac_nonexistent.h: No such file or directory
configure:3503: $? = 1
configure: failed program was:
| /* confdefs.h.  */
| #define PACKAGE_NAME "sshpass"
| #define PACKAGE_TARNAME "sshpass"
| #define PACKAGE_VERSION "1.04"
| #define PACKAGE_STRING "sshpass 1.04"
| #define PACKAGE_BUGREPORT ""
| #define PACKAGE "sshpass"
| #define VERSION "1.04"
| #define _GNU_SOURCE 1
| /* end confdefs.h.  */
| #include <ac_nonexistent.h>
configure:3541: checking for grep that handles long lines and -e
configure:3615: result: /usr/bin/grep
configure:3620: checking for egrep
configure:3698: result: /usr/bin/grep -E
configure:3704: checking for AIX
configure:3726: result: no
configure:3732: checking for ANSI C header files
configure:3762: gcc -c -g -O2  conftest.c >&5
configure:3768: $? = 0
configure:3867: gcc -o conftest -g -O2   conftest.c  >&5
configure:3870: $? = 0
configure:3876: ./conftest
configure:3879: $? = 0
configure:3896: result: yes
configure:3920: checking for sys/types.h
configure:3941: gcc -c -g -O2  conftest.c >&5
configure:3947: $? = 0
configure:3963: result: yes
configure:3920: checking for sys/stat.h
configure:3941: gcc -c -g -O2  conftest.c >&5
configure:3947: $? = 0
configure:3963: result: yes
configure:3920: checking for stdlib.h
configure:3941: gcc -c -g -O2  conftest.c >&5
configure:3947: $? = 0
configure:3963: result: yes
configure:3920: checking for string.h
configure:3941: gcc -c -g -O2  conftest.c >&5
configure:3947: $? = 0
configure:3963: result: yes
configure:3920: checking for memory.h
configure:3941: gcc -c -g -O2  conftest.c >&5
configure:3947: $? = 0
configure:3963: result: yes
configure:3920: checking for strings.h
configure:3941: gcc -c -g -O2  conftest.c >&5
configure:3947: $? = 0
configure:3963: result: yes
configure:3920: checking for inttypes.h
configure:3941: gcc -c -g -O2  conftest.c >&5
configure:3947: $? = 0
configure:3963: result: yes
configure:3920: checking for stdint.h
configure:3941: gcc -c -g -O2  conftest.c >&5
configure:3947: $? = 0
configure:3963: result: yes
configure:3920: checking for unistd.h
configure:3941: gcc -c -g -O2  conftest.c >&5
configure:3947: $? = 0
configure:3963: result: yes
configure:3985: checking minix/config.h usability
configure:4002: gcc -c -g -O2  conftest.c >&5
conftest.c:54:26: error: minix/config.h: No such file or directory
configure:4008: $? = 1
configure: failed program was:
| /* confdefs.h.  */
| #define PACKAGE_NAME "sshpass"
| #define PACKAGE_TARNAME "sshpass"
| #define PACKAGE_VERSION "1.04"
| #define PACKAGE_STRING "sshpass 1.04"
| #define PACKAGE_BUGREPORT ""
| #define PACKAGE "sshpass"
| #define VERSION "1.04"
| #define _GNU_SOURCE 1
| #define STDC_HEADERS 1
| #define HAVE_SYS_TYPES_H 1
| #define HAVE_SYS_STAT_H 1
| #define HAVE_STDLIB_H 1
| #define HAVE_STRING_H 1
| #define HAVE_MEMORY_H 1
| #define HAVE_STRINGS_H 1
| #define HAVE_INTTYPES_H 1
| #define HAVE_STDINT_H 1
| #define HAVE_UNISTD_H 1
| /* end confdefs.h.  */
| #include <stdio.h>
| #ifdef HAVE_SYS_TYPES_H
| # include <sys/types.h>
| #endif
| #ifdef HAVE_SYS_STAT_H
| # include <sys/stat.h>
| #endif
| #ifdef STDC_HEADERS
| # include <stdlib.h>
| # include <stddef.h>
| #else
| # ifdef HAVE_STDLIB_H
| #  include <stdlib.h>
| # endif
| #endif
| #ifdef HAVE_STRING_H
| # if !defined STDC_HEADERS && defined HAVE_MEMORY_H
| #  include <memory.h>
| # endif
| # include <string.h>
| #endif
| #ifdef HAVE_STRINGS_H
| # include <strings.h>
| #endif
| #ifdef HAVE_INTTYPES_H
| # include <inttypes.h>
| #endif
| #ifdef HAVE_STDINT_H
| # include <stdint.h>
| #endif
| #ifdef HAVE_UNISTD_H
| # include <unistd.h>
| #endif
| #include <minix/config.h>
configure:4022: result: no
configure:4026: checking minix/config.h presence
configure:4041: gcc -E  conftest.c
conftest.c:21:26: error: minix/config.h: No such file or directory
configure:4047: $? = 1
configure: failed program was:
| /* confdefs.h.  */
| #define PACKAGE_NAME "sshpass"
| #define PACKAGE_TARNAME "sshpass"
| #define PACKAGE_VERSION "1.04"
| #define PACKAGE_STRING "sshpass 1.04"
| #define PACKAGE_BUGREPORT ""
| #define PACKAGE "sshpass"
| #define VERSION "1.04"
| #define _GNU_SOURCE 1
| #define STDC_HEADERS 1
| #define HAVE_SYS_TYPES_H 1
| #define HAVE_SYS_STAT_H 1
| #define HAVE_STDLIB_H 1
| #define HAVE_STRING_H 1
| #define HAVE_MEMORY_H 1
| #define HAVE_STRINGS_H 1
| #define HAVE_INTTYPES_H 1
| #define HAVE_STDINT_H 1
| #define HAVE_UNISTD_H 1
| /* end confdefs.h.  */
| #include <minix/config.h>
configure:4061: result: no
configure:4089: checking for minix/config.h
configure:4096: result: no
configure:4135: checking whether it is safe to define __EXTENSIONS__
configure:4163: gcc -c -g -O2  conftest.c >&5
configure:4169: $? = 0
configure:4184: result: yes
configure:4250: checking for gcc
configure:4277: result: gcc
configure:4515: checking for C compiler version
configure:4522: gcc --version >&5
i686-apple-darwin10-llvm-gcc-4.2 (GCC) 4.2.1 (Based on Apple Inc. build 5658) (LLVM build 2336.1.00)
Copyright (C) 2007 Free Software Foundation, Inc.
This is free software; see the source for copying conditions.  There is NO
warranty; not even for MERCHANTABILITY or FITNESS FOR A PARTICULAR PURPOSE.

configure:4525: $? = 0
configure:4532: gcc -v >&5
Using built-in specs.
Target: i686-apple-darwin10
Configured with: /private/var/tmp/llvmgcc42/llvmgcc42-2336.1~3/src/configure --disable-checking --enable-werror --prefix=/Developer/usr/llvm-gcc-4.2 --mandir=/Developer/usr/llvm-gcc-4.2/share/man --enable-languages=c,objc,c++,obj-c++ --program-prefix=llvm- --program-transform-name=/^[cg][^.-]*$/s/$/-4.2/ --with-slibdir=/usr/lib --build=i686-apple-darwin10 --enable-llvm=/private/var/tmp/llvmgcc42/llvmgcc42-2336.1~3/dst-llvmCore/Developer/usr/local --with-gxx-include-dir=/usr/include/c++/4.2.1 --host=i686-apple-darwin10 --target=i686-apple-darwin10
Thread model: posix
gcc version 4.2.1 (Based on Apple Inc. build 5658) (LLVM build 2336.1.00)
configure:4535: $? = 0
configure:4542: gcc -V >&5
llvm-gcc-4.2: argument to `-V' is missing
configure:4545: $? = 1
configure:4548: checking whether we are using the GNU C compiler
configure:4600: result: yes
configure:4605: checking whether gcc accepts -g
configure:4740: result: yes
configure:4757: checking for gcc option to accept ISO C89
configure:4860: result: none needed
configure:4880: checking dependency style of gcc
configure:4971: result: gcc3
configure:4990: checking for ANSI C header files
configure:5154: result: yes
configure:5164: checking for sys/wait.h that is POSIX.1 compatible
configure:5200: gcc -c -g -O2  conftest.c >&5
configure:5206: $? = 0
configure:5221: result: yes
configure:5251: checking fcntl.h usability
configure:5268: gcc -c -g -O2  conftest.c >&5
configure:5274: $? = 0
configure:5288: result: yes
configure:5292: checking fcntl.h presence
configure:5307: gcc -E  conftest.c
configure:5313: $? = 0
configure:5327: result: yes
configure:5355: checking for fcntl.h
configure:5363: result: yes
configure:5241: checking for stdlib.h
configure:5247: result: yes
configure:5241: checking for string.h
configure:5247: result: yes
configure:5251: checking sys/ioctl.h usability
configure:5268: gcc -c -g -O2  conftest.c >&5
configure:5274: $? = 0
configure:5288: result: yes
configure:5292: checking sys/ioctl.h presence
configure:5307: gcc -E  conftest.c
configure:5313: $? = 0
configure:5327: result: yes
configure:5355: checking for sys/ioctl.h
configure:5363: result: yes
configure:5241: checking for unistd.h
configure:5247: result: yes
configure:5251: checking termios.h usability
configure:5268: gcc -c -g -O2  conftest.c >&5
configure:5274: $? = 0
configure:5288: result: yes
configure:5292: checking termios.h presence
configure:5307: gcc -E  conftest.c
configure:5313: $? = 0
configure:5327: result: yes
configure:5355: checking for termios.h
configure:5363: result: yes
configure:5378: checking for an ANSI C-conforming const
configure:5453: gcc -c -g -O2  conftest.c >&5
configure:5459: $? = 0
configure:5474: result: yes
configure:5484: checking for pid_t
configure:5514: gcc -c -g -O2  conftest.c >&5
configure:5520: $? = 0
configure:5535: result: yes
configure:5547: checking for ssize_t
configure:5577: gcc -c -g -O2  conftest.c >&5
configure:5583: $? = 0
configure:5598: result: yes
configure:5627: checking vfork.h usability
configure:5644: gcc -c -g -O2  conftest.c >&5
conftest.c:65:19: error: vfork.h: No such file or directory
configure:5650: $? = 1
configure: failed program was:
| /* confdefs.h.  */
| #define PACKAGE_NAME "sshpass"
| #define PACKAGE_TARNAME "sshpass"
| #define PACKAGE_VERSION "1.04"
| #define PACKAGE_STRING "sshpass 1.04"
| #define PACKAGE_BUGREPORT ""
| #define PACKAGE "sshpass"
| #define VERSION "1.04"
| #define _GNU_SOURCE 1
| #define STDC_HEADERS 1
| #define HAVE_SYS_TYPES_H 1
| #define HAVE_SYS_STAT_H 1
| #define HAVE_STDLIB_H 1
| #define HAVE_STRING_H 1
| #define HAVE_MEMORY_H 1
| #define HAVE_STRINGS_H 1
| #define HAVE_INTTYPES_H 1
| #define HAVE_STDINT_H 1
| #define HAVE_UNISTD_H 1
| #define __EXTENSIONS__ 1
| #define _POSIX_PTHREAD_SEMANTICS 1
| #define _TANDEM_SOURCE 1
| #define STDC_HEADERS 1
| #define HAVE_SYS_WAIT_H 1
| #define HAVE_FCNTL_H 1
| #define HAVE_STDLIB_H 1
| #define HAVE_STRING_H 1
| #define HAVE_SYS_IOCTL_H 1
| #define HAVE_UNISTD_H 1
| #define HAVE_TERMIOS_H 1
| /* end confdefs.h.  */
| #include <stdio.h>
| #ifdef HAVE_SYS_TYPES_H
| # include <sys/types.h>
| #endif
| #ifdef HAVE_SYS_STAT_H
| # include <sys/stat.h>
| #endif
| #ifdef STDC_HEADERS
| # include <stdlib.h>
| # include <stddef.h>
| #else
| # ifdef HAVE_STDLIB_H
| #  include <stdlib.h>
| # endif
| #endif
| #ifdef HAVE_STRING_H
| # if !defined STDC_HEADERS && defined HAVE_MEMORY_H
| #  include <memory.h>
| # endif
| # include <string.h>
| #endif
| #ifdef HAVE_STRINGS_H
| # include <strings.h>
| #endif
| #ifdef HAVE_INTTYPES_H
| # include <inttypes.h>
| #endif
| #ifdef HAVE_STDINT_H
| # include <stdint.h>
| #endif
| #ifdef HAVE_UNISTD_H
| # include <unistd.h>
| #endif
| #include <vfork.h>
configure:5664: result: no
configure:5668: checking vfork.h presence
configure:5683: gcc -E  conftest.c
conftest.c:32:19: error: vfork.h: No such file or directory
configure:5689: $? = 1
configure: failed program was:
| /* confdefs.h.  */
| #define PACKAGE_NAME "sshpass"
| #define PACKAGE_TARNAME "sshpass"
| #define PACKAGE_VERSION "1.04"
| #define PACKAGE_STRING "sshpass 1.04"
| #define PACKAGE_BUGREPORT ""
| #define PACKAGE "sshpass"
| #define VERSION "1.04"
| #define _GNU_SOURCE 1
| #define STDC_HEADERS 1
| #define HAVE_SYS_TYPES_H 1
| #define HAVE_SYS_STAT_H 1
| #define HAVE_STDLIB_H 1
| #define HAVE_STRING_H 1
| #define HAVE_MEMORY_H 1
| #define HAVE_STRINGS_H 1
| #define HAVE_INTTYPES_H 1
| #define HAVE_STDINT_H 1
| #define HAVE_UNISTD_H 1
| #define __EXTENSIONS__ 1
| #define _POSIX_PTHREAD_SEMANTICS 1
| #define _TANDEM_SOURCE 1
| #define STDC_HEADERS 1
| #define HAVE_SYS_WAIT_H 1
| #define HAVE_FCNTL_H 1
| #define HAVE_STDLIB_H 1
| #define HAVE_STRING_H 1
| #define HAVE_SYS_IOCTL_H 1
| #define HAVE_UNISTD_H 1
| #define HAVE_TERMIOS_H 1
| /* end confdefs.h.  */
| #include <vfork.h>
configure:5703: result: no
configure:5731: checking for vfork.h
configure:5739: result: no
configure:5757: checking for fork
configure:5813: gcc -o conftest -g -O2   conftest.c  >&5
conftest.c:55: warning: conflicting types for built-in function 'fork'
configure:5819: $? = 0
configure:5837: result: yes
configure:5757: checking for vfork
configure:5813: gcc -o conftest -g -O2   conftest.c  >&5
configure:5819: $? = 0
configure:5837: result: yes
configure:5848: checking for working fork
configure:5880: gcc -o conftest -g -O2   conftest.c  >&5
configure:5883: $? = 0
configure:5889: ./conftest
configure:5892: $? = 0
configure:5908: result: yes
configure:5929: checking for working vfork
configure:6067: result: yes
configure:6099: checking whether gcc needs -traditional
conftest.c:36:20: error: termio.h: No such file or directory
configure:6141: result: no
configure:6153: checking for stdlib.h
configure:6159: result: yes
configure:6288: checking for GNU libc compatible malloc
configure:6322: gcc -o conftest -g -O2   conftest.c  >&5
configure:6325: $? = 0
configure:6331: ./conftest
configure:6334: $? = 0
configure:6350: result: yes
configure:6394: checking sys/select.h usability
configure:6411: gcc -c -g -O2  conftest.c >&5
configure:6417: $? = 0
configure:6431: result: yes
configure:6435: checking sys/select.h presence
configure:6450: gcc -E  conftest.c
configure:6456: $? = 0
configure:6470: result: yes
configure:6498: checking for sys/select.h
configure:6506: result: yes
configure:6394: checking sys/socket.h usability
configure:6411: gcc -c -g -O2  conftest.c >&5
configure:6417: $? = 0
configure:6431: result: yes
configure:6435: checking sys/socket.h presence
configure:6450: gcc -E  conftest.c
configure:6456: $? = 0
configure:6470: result: yes
configure:6498: checking for sys/socket.h
configure:6506: result: yes
configure:6519: checking types of arguments for select
configure:6557: gcc -c -g -O2  conftest.c >&5
configure:6563: $? = 0
configure:6584: result: int,fd_set *,struct timeval *
configure:6607: checking return type of signal handlers
configure:6635: gcc -c -g -O2  conftest.c >&5
conftest.c: In function 'main':
conftest.c:49: error: void value not ignored as it ought to be
configure:6641: $? = 1
configure: failed program was:
| /* confdefs.h.  */
| #define PACKAGE_NAME "sshpass"
| #define PACKAGE_TARNAME "sshpass"
| #define PACKAGE_VERSION "1.04"
| #define PACKAGE_STRING "sshpass 1.04"
| #define PACKAGE_BUGREPORT ""
| #define PACKAGE "sshpass"
| #define VERSION "1.04"
| #define _GNU_SOURCE 1
| #define STDC_HEADERS 1
| #define HAVE_SYS_TYPES_H 1
| #define HAVE_SYS_STAT_H 1
| #define HAVE_STDLIB_H 1
| #define HAVE_STRING_H 1
| #define HAVE_MEMORY_H 1
| #define HAVE_STRINGS_H 1
| #define HAVE_INTTYPES_H 1
| #define HAVE_STDINT_H 1
| #define HAVE_UNISTD_H 1
| #define __EXTENSIONS__ 1
| #define _POSIX_PTHREAD_SEMANTICS 1
| #define _TANDEM_SOURCE 1
| #define STDC_HEADERS 1
| #define HAVE_SYS_WAIT_H 1
| #define HAVE_FCNTL_H 1
| #define HAVE_STDLIB_H 1
| #define HAVE_STRING_H 1
| #define HAVE_SYS_IOCTL_H 1
| #define HAVE_UNISTD_H 1
| #define HAVE_TERMIOS_H 1
| #define HAVE_FORK 1
| #define HAVE_VFORK 1
| #define HAVE_WORKING_VFORK 1
| #define HAVE_WORKING_FORK 1
| #define HAVE_STDLIB_H 1
| #define HAVE_MALLOC 1
| #define HAVE_SYS_SELECT_H 1
| #define HAVE_SYS_SOCKET_H 1
| #define SELECT_TYPE_ARG1 int
| #define SELECT_TYPE_ARG234 (fd_set *)
| #define SELECT_TYPE_ARG5 (struct timeval *)
| /* end confdefs.h.  */
| #include <sys/types.h>
| #include <signal.h>
| 
| int
| main ()
| {
| return *(signal (0, 0)) (0) == 1;
|   ;
|   return 0;
| }
configure:6656: result: void
configure:6670: checking for select
configure:6726: gcc -o conftest -g -O2   conftest.c  >&5
configure:6732: $? = 0
configure:6750: result: yes
configure:6670: checking for posix_openpt
configure:6726: gcc -o conftest -g -O2   conftest.c  >&5
configure:6732: $? = 0
configure:6750: result: yes
configure:6670: checking for strdup
configure:6726: gcc -o conftest -g -O2   conftest.c  >&5
conftest.c:69: warning: conflicting types for built-in function 'strdup'
configure:6732: $? = 0
configure:6750: result: yes
configure:6886: creating ./config.status

## ---------------------- ##
## Running config.status. ##
## ---------------------- ##

This file was extended by sshpass config.status 1.04, which was
generated by GNU Autoconf 2.61.  Invocation command line was

  CONFIG_FILES    = 
  CONFIG_HEADERS  = 
  CONFIG_LINKS    = 
  CONFIG_COMMANDS = 
  $ ./config.status 

on capitalist

config.status:635: creating Makefile
config.status:635: creating config.h
config.status:935: executing depfiles commands

## ---------------- ##
## Cache variables. ##
## ---------------- ##

ac_cv_c_compiler_gnu=yes
ac_cv_c_const=yes
ac_cv_env_CC_set=
ac_cv_env_CC_value=
ac_cv_env_CFLAGS_set=
ac_cv_env_CFLAGS_value=
ac_cv_env_CPPFLAGS_set=
ac_cv_env_CPPFLAGS_value=
ac_cv_env_CPP_set=
ac_cv_env_CPP_value=
ac_cv_env_LDFLAGS_set=
ac_cv_env_LDFLAGS_value=
ac_cv_env_LIBS_set=
ac_cv_env_LIBS_value=
ac_cv_env_build_alias_set=
ac_cv_env_build_alias_value=
ac_cv_env_host_alias_set=
ac_cv_env_host_alias_value=
ac_cv_env_target_alias_set=
ac_cv_env_target_alias_value=
ac_cv_func_fork=yes
ac_cv_func_fork_works=yes
ac_cv_func_malloc_0_nonnull=yes
ac_cv_func_posix_openpt=yes
ac_cv_func_select=yes
ac_cv_func_select_args='int,fd_set *,struct timeval *'
ac_cv_func_strdup=yes
ac_cv_func_vfork=yes
ac_cv_func_vfork_works=yes
ac_cv_header_fcntl_h=yes
ac_cv_header_inttypes_h=yes
ac_cv_header_memory_h=yes
ac_cv_header_minix_config_h=no
ac_cv_header_stdc=yes
ac_cv_header_stdint_h=yes
ac_cv_header_stdlib_h=yes
ac_cv_header_string_h=yes
ac_cv_header_strings_h=yes
ac_cv_header_sys_ioctl_h=yes
ac_cv_header_sys_select_h=yes
ac_cv_header_sys_socket_h=yes
ac_cv_header_sys_stat_h=yes
ac_cv_header_sys_types_h=yes
ac_cv_header_sys_wait_h=yes
ac_cv_header_termios_h=yes
ac_cv_header_unistd_h=yes
ac_cv_header_vfork_h=no
ac_cv_objext=o
ac_cv_path_EGREP='/usr/bin/grep -E'
ac_cv_path_GREP=/usr/bin/grep
ac_cv_path_install='/usr/bin/install -c'
ac_cv_prog_AWK=awk
ac_cv_prog_CPP='gcc -E'
ac_cv_prog_ac_ct_CC=gcc
ac_cv_prog_cc_c89=
ac_cv_prog_cc_g=yes
ac_cv_prog_gcc_traditional=no
ac_cv_prog_make_make_set=yes
ac_cv_safe_to_define___extensions__=yes
ac_cv_type_pid_t=yes
ac_cv_type_signal=void
ac_cv_type_ssize_t=yes
am_cv_CC_dependencies_compiler_type=gcc3

## ----------------- ##
## Output variables. ##
## ----------------- ##

ACLOCAL='${SHELL} /Users/axfelix/Dropbox/documents/sfu/sync/install-sync-mac/sshpass-1.04/missing --run aclocal-1.10'
AMDEPBACKSLASH='\'
AMDEP_FALSE='#'
AMDEP_TRUE=''
AMTAR='${SHELL} /Users/axfelix/Dropbox/documents/sfu/sync/install-sync-mac/sshpass-1.04/missing --run tar'
AUTOCONF='${SHELL} /Users/axfelix/Dropbox/documents/sfu/sync/install-sync-mac/sshpass-1.04/missing --run autoconf'
AUTOHEADER='${SHELL} /Users/axfelix/Dropbox/documents/sfu/sync/install-sync-mac/sshpass-1.04/missing --run autoheader'
AUTOMAKE='${SHELL} /Users/axfelix/Dropbox/documents/sfu/sync/install-sync-mac/sshpass-1.04/missing --run automake-1.10'
AWK='awk'
CC='gcc'
CCDEPMODE='depmode=gcc3'
CFLAGS='-g -O2'
CPP='gcc -E'
CPPFLAGS=''
CYGPATH_W='echo'
DEFS='-DHAVE_CONFIG_H'
DEPDIR='.deps'
ECHO_C='ECHO_N=''
ECHO_T=''
EGREP='/usr/bin/grep -E'
EXEEXT=''
GREP='/usr/bin/grep'
INSTALL_DATA='${INSTALL} -m 644'
INSTALL_PROGRAM='${INSTALL}'
INSTALL_SCRIPT='${INSTALL}'
INSTALL_STRIP_PROGRAM='$(install_sh) -c -s'
LDFLAGS=''
LIBOBJS=''
LIBS=''
LTLIBOBJS=''
MAKEINFO='${SHELL} /Users/axfelix/Dropbox/documents/sfu/sync/install-sync-mac/sshpass-1.04/missing --run makeinfo'
OBJEXT='o'
PACKAGE='sshpass'
PACKAGE_BUGREPORT=''
PACKAGE_NAME='sshpass'
PACKAGE_STRING='sshpass 1.04'
PACKAGE_TARNAME='sshpass'
PACKAGE_VERSION='1.04'
PATH_SEPARATOR=':'
SET_MAKE=''
SHELL='/bin/sh'
STRIP=''
VERSION='1.04'
ac_ct_CC='gcc'
am__fastdepCC_FALSE='#'
am__fastdepCC_TRUE=''
am__include='include'
am__isrc=''
am__leading_dot='.'
am__quote=''
am__tar='${AMTAR} chof - "$$tardir"'
am__untar='${AMTAR} xf -'
bindir='${exec_prefix}/bin'
build_alias=''
datadir='${datarootdir}'
datarootdir='${prefix}/share'
docdir='${datarootdir}/doc/${PACKAGE_TARNAME}'
dvidir='${docdir}'
exec_prefix='${prefix}'
host_alias=''
htmldir='${docdir}'
includedir='${prefix}/include'
infodir='${datarootdir}/info'
install_sh='$(SHELL) /Users/axfelix/Dropbox/documents/sfu/sync/install-sync-mac/sshpass-1.04/install-sh'
libdir='${exec_prefix}/lib'
libexecdir='${exec_prefix}/libexec'
localedir='${datarootdir}/locale'
localstatedir='${prefix}/var'
mandir='${datarootdir}/man'
mkdir_p='$(top_builddir)/./install-sh -c -d'
oldincludedir='/usr/include'
pdfdir='${docdir}'
prefix='/usr/local'
program_transform_name='s,x,x,'
psdir='${docdir}'
sbindir='${exec_prefix}/sbin'
sharedstatedir='${prefix}/com'
sysconfdir='${prefix}/etc'
target_alias=''

## ----------- ##
## confdefs.h. ##
## ----------- ##

#define PACKAGE_NAME "sshpass"
#define PACKAGE_TARNAME "sshpass"
#define PACKAGE_VERSION "1.04"
#define PACKAGE_STRING "sshpass 1.04"
#define PACKAGE_BUGREPORT ""
#define PACKAGE "sshpass"
#define VERSION "1.04"
#define _GNU_SOURCE 1
#define STDC_HEADERS 1
#define HAVE_SYS_TYPES_H 1
#define HAVE_SYS_STAT_H 1
#define HAVE_STDLIB_H 1
#define HAVE_STRING_H 1
#define HAVE_MEMORY_H 1
#define HAVE_STRINGS_H 1
#define HAVE_INTTYPES_H 1
#define HAVE_STDINT_H 1
#define HAVE_UNISTD_H 1
#define __EXTENSIONS__ 1
#define _POSIX_PTHREAD_SEMANTICS 1
#define _TANDEM_SOURCE 1
#define STDC_HEADERS 1
#define HAVE_SYS_WAIT_H 1
#define HAVE_FCNTL_H 1
#define HAVE_STDLIB_H 1
#define HAVE_STRING_H 1
#define HAVE_SYS_IOCTL_H 1
#define HAVE_UNISTD_H 1
#define HAVE_TERMIOS_H 1
#define HAVE_FORK 1
#define HAVE_VFORK 1
#define HAVE_WORKING_VFORK 1
#define HAVE_WORKING_FORK 1
#define HAVE_STDLIB_H 1
#define HAVE_MALLOC 1
#define HAVE_SYS_SELECT_H 1
#define HAVE_SYS_SOCKET_H 1
#define SELECT_TYPE_ARG1 int
#define SELECT_TYPE_ARG234 (fd_set *)
#define SELECT_TYPE_ARG5 (struct timeval *)
#define RETSIGTYPE void
#define HAVE_SELECT 1
#define HAVE_POSIX_OPENPT 1
#define HAVE_STRDUP 1

configure: exit 0
